2024-05-02 16:11:14,783 INFO    MainThread:1803107 [wandb_setup.py:_flush():76] Current SDK version is 0.15.12
2024-05-02 16:11:14,783 INFO    MainThread:1803107 [wandb_setup.py:_flush():76] Configure stats pid to 1803107
2024-05-02 16:11:14,783 INFO    MainThread:1803107 [wandb_setup.py:_flush():76] Loading settings from /home/abdelrahman.sadallah/.config/wandb/settings
2024-05-02 16:11:14,783 INFO    MainThread:1803107 [wandb_setup.py:_flush():76] Loading settings from /home/abdelrahman.sadallah/mbzuai/nadi_sharedtask_2024/wandb/settings
2024-05-02 16:11:14,783 INFO    MainThread:1803107 [wandb_setup.py:_flush():76] Loading settings from environment variables: {}
2024-05-02 16:11:14,783 INFO    MainThread:1803107 [wandb_setup.py:_flush():76] Applying setup settings: {'_disable_service': False}
2024-05-02 16:11:14,783 INFO    MainThread:1803107 [wandb_setup.py:_flush():76] Inferring run settings from compute environment: {'program_relpath': 'finetune.py', 'program_abspath': '/home/abdelrahman.sadallah/mbzuai/nadi_sharedtask_2024/finetune.py', 'program': '/home/abdelrahman.sadallah/mbzuai/nadi_sharedtask_2024/finetune.py'}
2024-05-02 16:11:14,783 INFO    MainThread:1803107 [wandb_init.py:_log_setup():528] Logging user logs to /home/abdelrahman.sadallah/mbzuai/nadi_sharedtask_2024/wandb/run-20240502_161114-2kmhoh4n/logs/debug.log
2024-05-02 16:11:14,784 INFO    MainThread:1803107 [wandb_init.py:_log_setup():529] Logging internal logs to /home/abdelrahman.sadallah/mbzuai/nadi_sharedtask_2024/wandb/run-20240502_161114-2kmhoh4n/logs/debug-internal.log
2024-05-02 16:11:14,784 INFO    MainThread:1803107 [wandb_init.py:init():568] calling init triggers
2024-05-02 16:11:14,784 INFO    MainThread:1803107 [wandb_init.py:init():575] wandb.init called with sweep_config: {}
config: {}
2024-05-02 16:11:14,784 INFO    MainThread:1803107 [wandb_init.py:init():618] starting backend
2024-05-02 16:11:14,784 INFO    MainThread:1803107 [wandb_init.py:init():622] setting up manager
2024-05-02 16:11:14,786 INFO    MainThread:1803107 [backend.py:_multiprocessing_setup():105] multiprocessing start_methods=fork,spawn,forkserver, using: spawn
2024-05-02 16:11:14,788 INFO    MainThread:1803107 [wandb_init.py:init():628] backend started and connected
2024-05-02 16:11:14,792 INFO    MainThread:1803107 [wandb_init.py:init():720] updated telemetry
2024-05-02 16:11:14,812 INFO    MainThread:1803107 [wandb_init.py:init():753] communicating run to backend with 90.0 second timeout
2024-05-02 16:12:13,507 INFO    Thread-1 (wrapped_target):1803107 [retry.py:__call__():172] Retry attempt failed:
Traceback (most recent call last):
  File "/home/abdelrahman.sadallah/mambaforge/envs/nlp/lib/python3.10/site-packages/urllib3/connectionpool.py", line 536, in _make_request
    response = conn.getresponse()
  File "/home/abdelrahman.sadallah/mambaforge/envs/nlp/lib/python3.10/site-packages/urllib3/connection.py", line 461, in getresponse
    httplib_response = super().getresponse()
  File "/home/abdelrahman.sadallah/mambaforge/envs/nlp/lib/python3.10/http/client.py", line 1375, in getresponse
    response.begin()
  File "/home/abdelrahman.sadallah/mambaforge/envs/nlp/lib/python3.10/http/client.py", line 318, in begin
    version, status, reason = self._read_status()
  File "/home/abdelrahman.sadallah/mambaforge/envs/nlp/lib/python3.10/http/client.py", line 279, in _read_status
    line = str(self.fp.readline(_MAXLINE + 1), "iso-8859-1")
  File "/home/abdelrahman.sadallah/mambaforge/envs/nlp/lib/python3.10/socket.py", line 705, in readinto
    return self._sock.recv_into(b)
  File "/home/abdelrahman.sadallah/mambaforge/envs/nlp/lib/python3.10/ssl.py", line 1274, in recv_into
    return self.read(nbytes, buffer)
  File "/home/abdelrahman.sadallah/mambaforge/envs/nlp/lib/python3.10/ssl.py", line 1130, in read
    return self._sslobj.read(len, buffer)
TimeoutError: The read operation timed out

The above exception was the direct cause of the following exception:

Traceback (most recent call last):
  File "/home/abdelrahman.sadallah/mambaforge/envs/nlp/lib/python3.10/site-packages/requests/adapters.py", line 486, in send
    resp = conn.urlopen(
  File "/home/abdelrahman.sadallah/mambaforge/envs/nlp/lib/python3.10/site-packages/urllib3/connectionpool.py", line 844, in urlopen
    retries = retries.increment(
  File "/home/abdelrahman.sadallah/mambaforge/envs/nlp/lib/python3.10/site-packages/urllib3/util/retry.py", line 470, in increment
    raise reraise(type(error), error, _stacktrace)
  File "/home/abdelrahman.sadallah/mambaforge/envs/nlp/lib/python3.10/site-packages/urllib3/util/util.py", line 39, in reraise
    raise value
  File "/home/abdelrahman.sadallah/mambaforge/envs/nlp/lib/python3.10/site-packages/urllib3/connectionpool.py", line 790, in urlopen
    response = self._make_request(
  File "/home/abdelrahman.sadallah/mambaforge/envs/nlp/lib/python3.10/site-packages/urllib3/connectionpool.py", line 538, in _make_request
    self._raise_timeout(err=e, url=url, timeout_value=read_timeout)
  File "/home/abdelrahman.sadallah/mambaforge/envs/nlp/lib/python3.10/site-packages/urllib3/connectionpool.py", line 370, in _raise_timeout
    raise ReadTimeoutError(
urllib3.exceptions.ReadTimeoutError: HTTPSConnectionPool(host='api.wandb.ai', port=443): Read timed out. (read timeout=20)

During handling of the above exception, another exception occurred:

Traceback (most recent call last):
  File "/home/abdelrahman.sadallah/mambaforge/envs/nlp/lib/python3.10/site-packages/wandb/sdk/lib/retry.py", line 131, in __call__
    result = self._call_fn(*args, **kwargs)
  File "/home/abdelrahman.sadallah/mambaforge/envs/nlp/lib/python3.10/site-packages/wandb/sdk/internal/internal_api.py", line 366, in execute
    return self.client.execute(*args, **kwargs)  # type: ignore
  File "/home/abdelrahman.sadallah/mambaforge/envs/nlp/lib/python3.10/site-packages/wandb/vendor/gql-0.2.0/wandb_gql/client.py", line 52, in execute
    result = self._get_result(document, *args, **kwargs)
  File "/home/abdelrahman.sadallah/mambaforge/envs/nlp/lib/python3.10/site-packages/wandb/vendor/gql-0.2.0/wandb_gql/client.py", line 60, in _get_result
    return self.transport.execute(document, *args, **kwargs)
  File "/home/abdelrahman.sadallah/mambaforge/envs/nlp/lib/python3.10/site-packages/wandb/sdk/lib/gql_request.py", line 58, in execute
    request = self.session.post(self.url, **post_args)
  File "/home/abdelrahman.sadallah/mambaforge/envs/nlp/lib/python3.10/site-packages/requests/sessions.py", line 637, in post
    return self.request("POST", url, data=data, json=json, **kwargs)
  File "/home/abdelrahman.sadallah/mambaforge/envs/nlp/lib/python3.10/site-packages/requests/sessions.py", line 589, in request
    resp = self.send(prep, **send_kwargs)
  File "/home/abdelrahman.sadallah/mambaforge/envs/nlp/lib/python3.10/site-packages/requests/sessions.py", line 703, in send
    r = adapter.send(request, **kwargs)
  File "/home/abdelrahman.sadallah/mambaforge/envs/nlp/lib/python3.10/site-packages/requests/adapters.py", line 532, in send
    raise ReadTimeout(e, request=request)
requests.exceptions.ReadTimeout: HTTPSConnectionPool(host='api.wandb.ai', port=443): Read timed out. (read timeout=20)
2024-05-02 16:12:43,977 INFO    MainThread:1803107 [wandb_run.py:_on_init():2220] communicating current version
2024-05-02 16:12:44,105 INFO    MainThread:1803107 [wandb_run.py:_on_init():2229] got version response upgrade_message: "wandb version 0.16.6 is available!  To upgrade, please run:\n $ pip install wandb --upgrade"

2024-05-02 16:12:44,105 INFO    MainThread:1803107 [wandb_init.py:init():804] starting run threads in backend
2024-05-02 16:12:54,413 INFO    MainThread:1803107 [wandb_run.py:_console_start():2199] atexit reg
2024-05-02 16:12:54,414 INFO    MainThread:1803107 [wandb_run.py:_redirect():2054] redirect: wrap_raw
2024-05-02 16:12:54,414 INFO    MainThread:1803107 [wandb_run.py:_redirect():2119] Wrapping output streams.
2024-05-02 16:12:54,414 INFO    MainThread:1803107 [wandb_run.py:_redirect():2144] Redirects installed.
2024-05-02 16:12:54,415 INFO    MainThread:1803107 [wandb_init.py:init():845] run started, returning control to user process
2024-05-02 16:25:51,737 INFO    MainThread:1803107 [wandb_run.py:_config_callback():1324] config_cb None None {'peft_config': {'default': {'peft_type': <PeftType.LORA: 'LORA'>, 'auto_mapping': None, 'base_model_name_or_path': 'core42/jais-13b', 'revision': None, 'task_type': 'CAUSAL_LM', 'inference_mode': False, 'r': 64, 'target_modules': {'c_attn', 'c_fc', 'c_proj', 'c_fc2'}, 'lora_alpha': 16, 'lora_dropout': 0.1, 'fan_in_fan_out': False, 'bias': 'none', 'modules_to_save': None, 'init_lora_weights': True, 'layers_to_transform': None, 'layers_pattern': None, 'rank_pattern': {}, 'alpha_pattern': {}}}, 'vocab_size': 84992, 'n_positions': 2048, 'n_embd': 5120, 'n_layer': 40, 'n_head': 40, 'n_inner': 13653, 'activation_function': 'swiglu', 'resid_pdrop': 0.0, 'embd_pdrop': 0.0, 'attn_pdrop': 0.0, 'layer_norm_epsilon': 1e-05, 'initializer_range': 0.02, 'scale_attn_weights': True, 'use_cache': True, 'scale_attn_by_inverse_layer_idx': False, 'reorder_and_upcast_attn': False, 'bos_token_id': 0, 'eos_token_id': 0, 'position_embedding_type': 'alibi', 'width_scale': 0.11100000000000002, 'embeddings_scale': 14.6, 'scale_qk_dot_by_d': True, 'return_dict': True, 'output_hidden_states': False, 'output_attentions': False, 'torchscript': False, 'torch_dtype': 'float32', 'use_bfloat16': False, 'tf_legacy_loss': False, 'pruned_heads': {}, 'tie_word_embeddings': True, 'chunk_size_feed_forward': 0, 'is_encoder_decoder': False, 'is_decoder': False, 'cross_attention_hidden_size': None, 'add_cross_attention': False, 'tie_encoder_decoder': False, 'max_length': 20, 'min_length': 0, 'do_sample': False, 'early_stopping': False, 'num_beams': 1, 'num_beam_groups': 1, 'diversity_penalty': 0.0, 'temperature': 1.0, 'top_k': 50, 'top_p': 1.0, 'typical_p': 1.0, 'repetition_penalty': 1.0, 'length_penalty': 1.0, 'no_repeat_ngram_size': 0, 'encoder_no_repeat_ngram_size': 0, 'bad_words_ids': None, 'num_return_sequences': 1, 'output_scores': False, 'return_dict_in_generate': False, 'forced_bos_token_id': None, 'forced_eos_token_id': None, 'remove_invalid_values': False, 'exponential_decay_length_penalty': None, 'suppress_tokens': None, 'begin_suppress_tokens': None, 'architectures': ['JAISLMHeadModel'], 'finetuning_task': None, 'id2label': {0: 'LABEL_0', 1: 'LABEL_1'}, 'label2id': {'LABEL_0': 0, 'LABEL_1': 1}, 'tokenizer_class': None, 'prefix': None, 'pad_token_id': 0, 'sep_token_id': None, 'decoder_start_token_id': None, 'task_specific_params': None, 'problem_type': None, '_name_or_path': 'core42/jais-13b', 'transformers_version': '4.41.0.dev0', 'auto_map': {'AutoConfig': 'core42/jais-13b--configuration_jais.JAISConfig', 'AutoModel': 'core42/jais-13b--modeling_jais.JAISModel', 'AutoModelForCausalLM': 'core42/jais-13b--modeling_jais.JAISLMHeadModel', 'AutoModelForQuestionAnswering': 'core42/jais-13b--modeling_jais.JAISForQuestionAnswering', 'AutoModelForSequenceClassification': 'core42/jais-13b--modeling_jais.JAISForSequenceClassification', 'AutoModelForTokenClassification': 'core42/jais-13b--modeling_jais.JAISForTokenClassification'}, 'model_type': 'jais', 'quantization_config': {'quant_method': 'QuantizationMethod.BITS_AND_BYTES', '_load_in_8bit': False, '_load_in_4bit': True, 'llm_int8_threshold': 6.0, 'llm_int8_skip_modules': None, 'llm_int8_enable_fp32_cpu_offload': False, 'llm_int8_has_fp16_weight': False, 'bnb_4bit_quant_type': 'nf4', 'bnb_4bit_use_double_quant': False, 'bnb_4bit_compute_dtype': 'float16', 'bnb_4bit_quant_storage': 'uint8', 'load_in_4bit': True, 'load_in_8bit': False}, 'output_dir': '/l/users/abdelrahman.sadallah/nadi/core42/jais-13b', 'overwrite_output_dir': False, 'do_train': False, 'do_eval': True, 'do_predict': False, 'eval_strategy': 'steps', 'prediction_loss_only': False, 'per_device_train_batch_size': 4, 'per_device_eval_batch_size': 4, 'per_gpu_train_batch_size': None, 'per_gpu_eval_batch_size': None, 'gradient_accumulation_steps': 1, 'eval_accumulation_steps': None, 'eval_delay': 0, 'learning_rate': 1e-06, 'weight_decay': 0.01, 'adam_beta1': 0.9, 'adam_beta2': 0.999, 'adam_epsilon': 1e-08, 'max_grad_norm': 1.0, 'num_train_epochs': 3.0, 'max_steps': 100000, 'lr_scheduler_type': 'linear', 'lr_scheduler_kwargs': {}, 'warmup_ratio': 0.07, 'warmup_steps': 0, 'log_level': 'passive', 'log_level_replica': 'warning', 'log_on_each_node': True, 'logging_dir': '/l/users/abdelrahman.sadallah/nadi/runs/May02_16-11-08_gpu-10', 'logging_strategy': 'steps', 'logging_first_step': False, 'logging_steps': 100, 'logging_nan_inf_filter': True, 'save_strategy': 'steps', 'save_steps': 500, 'save_total_limit': 3, 'save_safetensors': True, 'save_on_each_node': False, 'save_only_model': False, 'restore_callback_states_from_checkpoint': False, 'no_cuda': False, 'use_cpu': False, 'use_mps_device': False, 'seed': 42, 'data_seed': None, 'jit_mode_eval': False, 'use_ipex': False, 'bf16': False, 'fp16': False, 'fp16_opt_level': 'O1', 'half_precision_backend': 'auto', 'bf16_full_eval': False, 'fp16_full_eval': False, 'tf32': None, 'local_rank': 0, 'ddp_backend': None, 'tpu_num_cores': None, 'tpu_metrics_debug': False, 'debug': [], 'dataloader_drop_last': False, 'eval_steps': 500, 'dataloader_num_workers': 0, 'dataloader_prefetch_factor': None, 'past_index': -1, 'run_name': '/l/users/abdelrahman.sadallah/nadi', 'disable_tqdm': False, 'remove_unused_columns': True, 'label_names': None, 'load_best_model_at_end': True, 'metric_for_best_model': 'loss', 'greater_is_better': False, 'ignore_data_skip': False, 'fsdp': [], 'fsdp_min_num_params': 0, 'fsdp_config': {'min_num_params': 0, 'xla': False, 'xla_fsdp_v2': False, 'xla_fsdp_grad_ckpt': False}, 'fsdp_transformer_layer_cls_to_wrap': None, 'accelerator_config': {'split_batches': False, 'dispatch_batches': None, 'even_batches': True, 'use_seedable_sampler': True, 'non_blocking': False, 'gradient_accumulation_kwargs': None}, 'deepspeed': None, 'label_smoothing_factor': 0.0, 'optim': 'adamw_torch', 'optim_args': None, 'adafactor': False, 'group_by_length': False, 'length_column_name': 'length', 'report_to': ['tensorboard', 'wandb'], 'ddp_find_unused_parameters': None, 'ddp_bucket_cap_mb': None, 'ddp_broadcast_buffers': None, 'dataloader_pin_memory': True, 'dataloader_persistent_workers': False, 'skip_memory_metrics': True, 'use_legacy_prediction_loop': False, 'push_to_hub': False, 'resume_from_checkpoint': None, 'hub_model_id': None, 'hub_strategy': 'every_save', 'hub_token': '<HUB_TOKEN>', 'hub_private_repo': False, 'hub_always_push': False, 'gradient_checkpointing': False, 'gradient_checkpointing_kwargs': None, 'include_inputs_for_metrics': False, 'eval_do_concat_batches': True, 'fp16_backend': 'auto', 'evaluation_strategy': 'steps', 'push_to_hub_model_id': None, 'push_to_hub_organization': None, 'push_to_hub_token': '<PUSH_TO_HUB_TOKEN>', 'mp_parameters': '', 'auto_find_batch_size': False, 'full_determinism': False, 'torchdynamo': None, 'ray_scope': 'last', 'ddp_timeout': 1800, 'torch_compile': False, 'torch_compile_backend': None, 'torch_compile_mode': None, 'dispatch_batches': None, 'split_batches': None, 'include_tokens_per_second': False, 'include_num_input_tokens_seen': False, 'neftune_noise_alpha': None, 'optim_target_modules': None, 'sortish_sampler': False, 'predict_with_generate': False, 'generation_max_length': None, 'generation_num_beams': None, 'generation_config': None}
2024-05-02 16:25:51,744 INFO    MainThread:1803107 [wandb_config.py:__setitem__():151] config set model/num_parameters = 13243631800 - <bound method Run._config_callback of <wandb.sdk.wandb_run.Run object at 0x154f7951c3a0>>
2024-05-02 16:25:51,744 INFO    MainThread:1803107 [wandb_run.py:_config_callback():1324] config_cb model/num_parameters 13243631800 None
